Info: Reading '/home/tianyu/FSPC/examples/3D/pureCond_3Plates/geometryS.msh'...
Info: 1008 entities
Info: 12093 nodes
Info: 14704 elements
Info: Done reading '/home/tianyu/FSPC/examples/3D/pureCond_3Plates/geometryS.msh'
Info: Meshing 1D...
Progress: Meshing 1D...
Progress: Meshing 1D...
Progress: Meshing 1D...
Progress: Meshing 1D...
Progress: Meshing 1D...
Progress: Meshing 1D...
Progress: Meshing 1D...
Progress: Meshing 1D...
Progress: Meshing 1D...
Progress: Meshing 1D...
Progress: Meshing 1D...
Progress: Meshing 1D...
Progress: Meshing 1D...
Progress: Meshing 1D...
Progress: Meshing 1D...
Info: Done meshing 1D (Wall 0.000101723s, CPU 0.00021s)
Info: Meshing 2D...
Progress: Meshing 2D...
Progress: Meshing 2D...
Progress: Meshing 2D...
Progress: Meshing 2D...
Progress: Meshing 2D...
Progress: Meshing 2D...
Progress: Meshing 2D...
Progress: Meshing 2D...
Progress: Meshing 2D...
Progress: Meshing 2D...
Progress: Meshing 2D...
Progress: Meshing 2D...
Info: Done meshing 2D (Wall 5.7384e-05s, CPU 0.000118s)
Info: Meshing 3D...
Progress: Meshing 3D...
Progress: Meshing 3D...
Info: Done meshing 3D (Wall 0.00018748s, CPU 0.000385s)
Info: Optimizing mesh...
Info: Done optimizing mesh (Wall 0.00013945s, CPU 0.000286s)
Info: 12583 nodes 15340 elements
