Info: Reading '/home/tianyu/FSPC/examples/3D/pureCond_3Plates/reducedAlF/geometryS_reducedAlF.msh'...
Info: 1172 entities
Info: 9195 nodes
Info: 11128 elements
Info: Done reading '/home/tianyu/FSPC/examples/3D/pureCond_3Plates/reducedAlF/geometryS_reducedAlF.msh'
Info: Meshing 1D...
Progress: Meshing 1D...
Progress: Meshing 1D...
Progress: Meshing 1D...
Progress: Meshing 1D...
Progress: Meshing 1D...
Progress: Meshing 1D...
Progress: Meshing 1D...
Progress: Meshing 1D...
Progress: Meshing 1D...
Progress: Meshing 1D...
Progress: Meshing 1D...
Progress: Meshing 1D...
Progress: Meshing 1D...
Progress: Meshing 1D...
Progress: Meshing 1D...
Progress: Meshing 1D...
Progress: Meshing 1D...
Progress: Meshing 1D...
Progress: Meshing 1D...
Progress: Meshing 1D...
Info: Done meshing 1D (Wall 0.000111408s, CPU 0.000267s)
Info: Meshing 2D...
Progress: Meshing 2D...
Progress: Meshing 2D...
Progress: Meshing 2D...
Progress: Meshing 2D...
Progress: Meshing 2D...
Progress: Meshing 2D...
Progress: Meshing 2D...
Progress: Meshing 2D...
Progress: Meshing 2D...
Progress: Meshing 2D...
Progress: Meshing 2D...
Progress: Meshing 2D...
Info: Done meshing 2D (Wall 6.4626e-05s, CPU 0.000153s)
Info: Meshing 3D...
Progress: Meshing 3D...
Progress: Meshing 3D...
Info: Done meshing 3D (Wall 0.000158243s, CPU 0.000373s)
Info: Optimizing mesh...
Info: Done optimizing mesh (Wall 0.000119087s, CPU 0.000281s)
Info: 9775 nodes 11867 elements
