Info: Reading '/home/tianyu/FSPC/examples/3D/alfeweld_1Plate/geometryS_tet.msh'...
Info: 135 entities
Info: 4038 nodes
Info: 21088 elements
Info: Done reading '/home/tianyu/FSPC/examples/3D/alfeweld_1Plate/geometryS_tet.msh'
Info: Meshing 1D...
Progress: Meshing 1D...
Progress: Meshing 1D...
Progress: Meshing 1D...
Progress: Meshing 1D...
Progress: Meshing 1D...
Progress: Meshing 1D...
Progress: Meshing 1D...
Progress: Meshing 1D...
Progress: Meshing 1D...
Progress: Meshing 1D...
Progress: Meshing 1D...
Progress: Meshing 1D...
Progress: Meshing 1D...
Progress: Meshing 1D...
Progress: Meshing 1D...
Progress: Meshing 1D...
Progress: Meshing 1D...
Progress: Meshing 1D...
Progress: Meshing 1D...
Progress: Meshing 1D...
Info: Done meshing 1D (Wall 5.3662e-05s, CPU 0.000125s)
Info: Meshing 2D...
Progress: Meshing 2D...
Progress: Meshing 2D...
Progress: Meshing 2D...
Progress: Meshing 2D...
Progress: Meshing 2D...
Progress: Meshing 2D...
Progress: Meshing 2D...
Progress: Meshing 2D...
Progress: Meshing 2D...
Progress: Meshing 2D...
Progress: Meshing 2D...
Progress: Meshing 2D...
Info: Done meshing 2D (Wall 5.22e-05s, CPU 0.000118s)
Info: Meshing 3D...
Progress: Meshing 3D...
Progress: Meshing 3D...
Info: Done meshing 3D (Wall 0.000399499s, CPU 0.000899s)
Info: Optimizing mesh...
Info: Done optimizing mesh (Wall 0.000368776s, CPU 0.00083s)
Info: 4038 nodes 21120 elements
