Info: Reading '/home/tianyu/FSPC/examples/3D/alfeweld_1Plate/geometryS_hex.msh'...
Info: 135 entities
Info: 4050 nodes
Info: 5396 elements
Info: Done reading '/home/tianyu/FSPC/examples/3D/alfeweld_1Plate/geometryS_hex.msh'
Info: Meshing 1D...
Progress: Meshing 1D...
Progress: Meshing 1D...
Progress: Meshing 1D...
Progress: Meshing 1D...
Progress: Meshing 1D...
Progress: Meshing 1D...
Progress: Meshing 1D...
Progress: Meshing 1D...
Progress: Meshing 1D...
Progress: Meshing 1D...
Progress: Meshing 1D...
Progress: Meshing 1D...
Progress: Meshing 1D...
Progress: Meshing 1D...
Progress: Meshing 1D...
Progress: Meshing 1D...
Progress: Meshing 1D...
Progress: Meshing 1D...
Progress: Meshing 1D...
Progress: Meshing 1D...
Info: Done meshing 1D (Wall 3.54931e-05s, CPU 7.7e-05s)
Info: Meshing 2D...
Progress: Meshing 2D...
Progress: Meshing 2D...
Progress: Meshing 2D...
Progress: Meshing 2D...
Progress: Meshing 2D...
Progress: Meshing 2D...
Progress: Meshing 2D...
Progress: Meshing 2D...
Progress: Meshing 2D...
Progress: Meshing 2D...
Progress: Meshing 2D...
Progress: Meshing 2D...
Info: Done meshing 2D (Wall 3.6382e-05s, CPU 7.6e-05s)
Info: Meshing 3D...
Progress: Meshing 3D...
Progress: Meshing 3D...
Info: Done meshing 3D (Wall 6.7191e-05s, CPU 0.00014s)
Info: Optimizing mesh...
Info: Done optimizing mesh (Wall 4.16329e-05s, CPU 8.7e-05s)
Info: 4050 nodes 5428 elements
